
*** Running vivado
    with args -log die.vdi -applog -m64 -product Vivado -messageDb vivado.pb -mode batch -source die.tcl -notrace


****** Vivado v2024.2 (64-bit)
  **** SW Build 5239630 on Fri Nov 08 22:34:34 MST 2024
  **** IP Build 5239520 on Sun Nov 10 16:12:51 MST 2024
  **** SharedData Build 5239561 on Fri Nov 08 14:39:27 MST 2024
  **** Start of session at: Mon Jul 28 09:51:20 2025
    ** Copyright 1986-2022 Xilinx, Inc. All Rights Reserved.
    ** Copyright 2022-2024 Advanced Micro Devices, Inc. All Rights Reserved.

source die.tcl -notrace
Command: link_design -top die -part xc7a35tcpg236-1
Design is defaulting to srcset: sources_1
Design is defaulting to constrset: constrs_1
INFO: [Device 21-403] Loading part xc7a35tcpg236-1
Netlist sorting complete. Time (s): cpu = 00:00:00 ; elapsed = 00:00:00 . Memory (MB): peak = 1474.223 ; gain = 0.000 ; free physical = 1433 ; free virtual = 10645
INFO: [Project 1-479] Netlist was created with Vivado 2024.2
INFO: [Project 1-570] Preparing netlist for logic optimization
Parsing XDC File [/home/hg234/2025/COMPX230/Labs/Basys3_die.xdc]
WARNING: [Vivado 12-584] No ports matched 'vauxp6'. [/home/hg234/2025/COMPX230/Labs/Basys3_die.xdc:209]
CRITICAL WARNING: [Common 17-55] 'set_property' expects at least one object. [/home/hg234/2025/COMPX230/Labs/Basys3_die.xdc:209]
Resolution: If [get_<value>] was used to populate the object, check to make sure this command returns at least one valid object.
WARNING: [Vivado 12-584] No ports matched 'vauxp6'. [/home/hg234/2025/COMPX230/Labs/Basys3_die.xdc:210]
CRITICAL WARNING: [Common 17-55] 'set_property' expects at least one object. [/home/hg234/2025/COMPX230/Labs/Basys3_die.xdc:210]
Resolution: If [get_<value>] was used to populate the object, check to make sure this command returns at least one valid object.
WARNING: [Vivado 12-584] No ports matched 'vauxp14'. [/home/hg234/2025/COMPX230/Labs/Basys3_die.xdc:212]
CRITICAL WARNING: [Common 17-55] 'set_property' expects at least one object. [/home/hg234/2025/COMPX230/Labs/Basys3_die.xdc:212]
Resolution: If [get_<value>] was used to populate the object, check to make sure this command returns at least one valid object.
WARNING: [Vivado 12-584] No ports matched 'vauxp14'. [/home/hg234/2025/COMPX230/Labs/Basys3_die.xdc:213]
CRITICAL WARNING: [Common 17-55] 'set_property' expects at least one object. [/home/hg234/2025/COMPX230/Labs/Basys3_die.xdc:213]
Resolution: If [get_<value>] was used to populate the object, check to make sure this command returns at least one valid object.
WARNING: [Vivado 12-584] No ports matched 'vauxp7'. [/home/hg234/2025/COMPX230/Labs/Basys3_die.xdc:215]
CRITICAL WARNING: [Common 17-55] 'set_property' expects at least one object. [/home/hg234/2025/COMPX230/Labs/Basys3_die.xdc:215]
Resolution: If [get_<value>] was used to populate the object, check to make sure this command returns at least one valid object.
WARNING: [Vivado 12-584] No ports matched 'vauxp7'. [/home/hg234/2025/COMPX230/Labs/Basys3_die.xdc:216]
CRITICAL WARNING: [Common 17-55] 'set_property' expects at least one object. [/home/hg234/2025/COMPX230/Labs/Basys3_die.xdc:216]
Resolution: If [get_<value>] was used to populate the object, check to make sure this command returns at least one valid object.
WARNING: [Vivado 12-584] No ports matched 'vauxp15'. [/home/hg234/2025/COMPX230/Labs/Basys3_die.xdc:218]
CRITICAL WARNING: [Common 17-55] 'set_property' expects at least one object. [/home/hg234/2025/COMPX230/Labs/Basys3_die.xdc:218]
Resolution: If [get_<value>] was used to populate the object, check to make sure this command returns at least one valid object.
WARNING: [Vivado 12-584] No ports matched 'vauxp15'. [/home/hg234/2025/COMPX230/Labs/Basys3_die.xdc:219]
CRITICAL WARNING: [Common 17-55] 'set_property' expects at least one object. [/home/hg234/2025/COMPX230/Labs/Basys3_die.xdc:219]
Resolution: If [get_<value>] was used to populate the object, check to make sure this command returns at least one valid object.
WARNING: [Vivado 12-584] No ports matched 'vauxn6'. [/home/hg234/2025/COMPX230/Labs/Basys3_die.xdc:221]
CRITICAL WARNING: [Common 17-55] 'set_property' expects at least one object. [/home/hg234/2025/COMPX230/Labs/Basys3_die.xdc:221]
Resolution: If [get_<value>] was used to populate the object, check to make sure this command returns at least one valid object.
WARNING: [Vivado 12-584] No ports matched 'vauxn6'. [/home/hg234/2025/COMPX230/Labs/Basys3_die.xdc:222]
CRITICAL WARNING: [Common 17-55] 'set_property' expects at least one object. [/home/hg234/2025/COMPX230/Labs/Basys3_die.xdc:222]
Resolution: If [get_<value>] was used to populate the object, check to make sure this command returns at least one valid object.
WARNING: [Vivado 12-584] No ports matched 'vauxn14'. [/home/hg234/2025/COMPX230/Labs/Basys3_die.xdc:224]
CRITICAL WARNING: [Common 17-55] 'set_property' expects at least one object. [/home/hg234/2025/COMPX230/Labs/Basys3_die.xdc:224]
Resolution: If [get_<value>] was used to populate the object, check to make sure this command returns at least one valid object.
WARNING: [Vivado 12-584] No ports matched 'vauxn14'. [/home/hg234/2025/COMPX230/Labs/Basys3_die.xdc:225]
CRITICAL WARNING: [Common 17-55] 'set_property' expects at least one object. [/home/hg234/2025/COMPX230/Labs/Basys3_die.xdc:225]
Resolution: If [get_<value>] was used to populate the object, check to make sure this command returns at least one valid object.
WARNING: [Vivado 12-584] No ports matched 'vauxn7'. [/home/hg234/2025/COMPX230/Labs/Basys3_die.xdc:227]
CRITICAL WARNING: [Common 17-55] 'set_property' expects at least one object. [/home/hg234/2025/COMPX230/Labs/Basys3_die.xdc:227]
Resolution: If [get_<value>] was used to populate the object, check to make sure this command returns at least one valid object.
WARNING: [Vivado 12-584] No ports matched 'vauxn7'. [/home/hg234/2025/COMPX230/Labs/Basys3_die.xdc:228]
CRITICAL WARNING: [Common 17-55] 'set_property' expects at least one object. [/home/hg234/2025/COMPX230/Labs/Basys3_die.xdc:228]
Resolution: If [get_<value>] was used to populate the object, check to make sure this command returns at least one valid object.
WARNING: [Vivado 12-584] No ports matched 'vauxn15'. [/home/hg234/2025/COMPX230/Labs/Basys3_die.xdc:230]
CRITICAL WARNING: [Common 17-55] 'set_property' expects at least one object. [/home/hg234/2025/COMPX230/Labs/Basys3_die.xdc:230]
Resolution: If [get_<value>] was used to populate the object, check to make sure this command returns at least one valid object.
WARNING: [Vivado 12-584] No ports matched 'vauxn15'. [/home/hg234/2025/COMPX230/Labs/Basys3_die.xdc:231]
CRITICAL WARNING: [Common 17-55] 'set_property' expects at least one object. [/home/hg234/2025/COMPX230/Labs/Basys3_die.xdc:231]
Resolution: If [get_<value>] was used to populate the object, check to make sure this command returns at least one valid object.
Finished Parsing XDC File [/home/hg234/2025/COMPX230/Labs/Basys3_die.xdc]
INFO: [Opt 31-138] Pushed 0 inverter(s) to 0 load pin(s).
Netlist sorting complete. Time (s): cpu = 00:00:00 ; elapsed = 00:00:00 . Memory (MB): peak = 1637.969 ; gain = 0.000 ; free physical = 1365 ; free virtual = 10577
INFO: [Project 1-111] Unisim Transformation Summary:
No Unisim elements were transformed.

5 Infos, 16 Warnings, 16 Critical Warnings and 0 Errors encountered.
link_design completed successfully
Command: opt_design
Attempting to get a license for feature 'Implementation' and/or device 'xc7a35t'
INFO: [Common 17-349] Got license for feature 'Implementation' and/or device 'xc7a35t'
Running DRC as a precondition to command opt_design

Starting DRC Task
INFO: [DRC 23-27] Running DRC with 8 threads
INFO: [Project 1-461] DRC finished with 0 Errors
INFO: [Project 1-462] Please refer to the DRC report (report_drc) for more information.

Time (s): cpu = 00:00:03 ; elapsed = 00:00:00.73 . Memory (MB): peak = 1770.938 ; gain = 127.031 ; free physical = 1268 ; free virtual = 10480

Starting Cache Timing Information Task
INFO: [Timing 38-35] Done setting XDC timing constraints.
Ending Cache Timing Information Task | Checksum: 21ad3abca

Time (s): cpu = 00:00:05 ; elapsed = 00:00:05 . Memory (MB): peak = 2155.891 ; gain = 384.953 ; free physical = 888 ; free virtual = 10100

Starting Logic Optimization Task

Phase 1 Initialization

Phase 1.1 Core Generation And Design Setup
Phase 1.1 Core Generation And Design Setup | Checksum: 21ad3abca

Time (s): cpu = 00:00:00 ; elapsed = 00:00:00 . Memory (MB): peak = 2498.812 ; gain = 0.000 ; free physical = 551 ; free virtual = 9763

Phase 1.2 Setup Constraints And Sort Netlist
Phase 1.2 Setup Constraints And Sort Netlist | Checksum: 21ad3abca

Time (s): cpu = 00:00:00 ; elapsed = 00:00:00 . Memory (MB): peak = 2498.812 ; gain = 0.000 ; free physical = 551 ; free virtual = 9763
Phase 1 Initialization | Checksum: 21ad3abca

Time (s): cpu = 00:00:00 ; elapsed = 00:00:00 . Memory (MB): peak = 2498.812 ; gain = 0.000 ; free physical = 551 ; free virtual = 9763

Phase 2 Timer Update And Timing Data Collection

Phase 2.1 Timer Update
Phase 2.1 Timer Update | Checksum: 21ad3abca

Time (s): cpu = 00:00:00.01 ; elapsed = 00:00:00 . Memory (MB): peak = 2498.812 ; gain = 0.000 ; free physical = 551 ; free virtual = 9763

Phase 2.2 Timing Data Collection
Phase 2.2 Timing Data Collection | Checksum: 21ad3abca

Time (s): cpu = 00:00:00.01 ; elapsed = 00:00:00 . Memory (MB): peak = 2498.812 ; gain = 0.000 ; free physical = 551 ; free virtual = 9763
Phase 2 Timer Update And Timing Data Collection | Checksum: 21ad3abca

Time (s): cpu = 00:00:00.01 ; elapsed = 00:00:00 . Memory (MB): peak = 2498.812 ; gain = 0.000 ; free physical = 551 ; free virtual = 9763

Phase 3 Retarget
INFO: [Opt 31-1851] Number of loadless carry chains removed were: 0
INFO: [Opt 31-1834] Total Chains To Be Transformed Were: 0 AND Number of Transformed insts Created are: 0
INFO: [Opt 31-138] Pushed 0 inverter(s) to 0 load pin(s).
INFO: [Opt 31-49] Retargeted 0 cell(s).
Phase 3 Retarget | Checksum: 21ad3abca

Time (s): cpu = 00:00:00.01 ; elapsed = 00:00:00.01 . Memory (MB): peak = 2498.812 ; gain = 0.000 ; free physical = 551 ; free virtual = 9763
Retarget | Checksum: 21ad3abca
INFO: [Opt 31-389] Phase Retarget created 0 cells and removed 0 cells

Phase 4 Constant propagation
INFO: [Opt 31-138] Pushed 0 inverter(s) to 0 load pin(s).
Phase 4 Constant propagation | Checksum: 21ad3abca

Time (s): cpu = 00:00:00.01 ; elapsed = 00:00:00.01 . Memory (MB): peak = 2498.812 ; gain = 0.000 ; free physical = 551 ; free virtual = 9763
Constant propagation | Checksum: 21ad3abca
INFO: [Opt 31-389] Phase Constant propagation created 0 cells and removed 0 cells

Phase 5 Sweep
INFO: [Constraints 18-11670] Building netlist checker database with flags, 0x8
Done building netlist checker database: Time (s): cpu = 00:00:00 ; elapsed = 00:00:00 . Memory (MB): peak = 2498.812 ; gain = 0.000 ; free physical = 551 ; free virtual = 9763
Phase 5 Sweep | Checksum: 21ad3abca

Time (s): cpu = 00:00:00.01 ; elapsed = 00:00:00.01 . Memory (MB): peak = 2498.812 ; gain = 0.000 ; free physical = 551 ; free virtual = 9763
Sweep | Checksum: 21ad3abca
INFO: [Opt 31-389] Phase Sweep created 0 cells and removed 0 cells

Phase 6 BUFG optimization
Phase 6 BUFG optimization | Checksum: 21ad3abca

Time (s): cpu = 00:00:00.02 ; elapsed = 00:00:00.02 . Memory (MB): peak = 2530.828 ; gain = 32.016 ; free physical = 551 ; free virtual = 9763
BUFG optimization | Checksum: 21ad3abca
INFO: [Opt 31-662] Phase BUFG optimization created 0 cells of which 0 are BUFGs and removed 0 cells.

Phase 7 Shift Register Optimization
INFO: [Opt 31-1064] SRL Remap converted 0 SRLs to 0 registers and converted 0 registers of register chains to 0 SRLs
Phase 7 Shift Register Optimization | Checksum: 21ad3abca

Time (s): cpu = 00:00:00.02 ; elapsed = 00:00:00.02 . Memory (MB): peak = 2530.828 ; gain = 32.016 ; free physical = 551 ; free virtual = 9763
Shift Register Optimization | Checksum: 21ad3abca
INFO: [Opt 31-389] Phase Shift Register Optimization created 0 cells and removed 0 cells

Phase 8 Post Processing Netlist
Phase 8 Post Processing Netlist | Checksum: 21ad3abca

Time (s): cpu = 00:00:00.02 ; elapsed = 00:00:00.02 . Memory (MB): peak = 2530.828 ; gain = 32.016 ; free physical = 551 ; free virtual = 9763
Post Processing Netlist | Checksum: 21ad3abca
INFO: [Opt 31-389] Phase Post Processing Netlist created 0 cells and removed 0 cells

Phase 9 Finalization

Phase 9.1 Finalizing Design Cores and Updating Shapes
Phase 9.1 Finalizing Design Cores and Updating Shapes | Checksum: 21ad3abca

Time (s): cpu = 00:00:00.02 ; elapsed = 00:00:00.02 . Memory (MB): peak = 2530.828 ; gain = 32.016 ; free physical = 551 ; free virtual = 9763

Phase 9.2 Verifying Netlist Connectivity

Starting Connectivity Check Task

Time (s): cpu = 00:00:00 ; elapsed = 00:00:00 . Memory (MB): peak = 2530.828 ; gain = 0.000 ; free physical = 551 ; free virtual = 9763
Phase 9.2 Verifying Netlist Connectivity | Checksum: 21ad3abca

Time (s): cpu = 00:00:00.02 ; elapsed = 00:00:00.02 . Memory (MB): peak = 2530.828 ; gain = 32.016 ; free physical = 551 ; free virtual = 9763
Phase 9 Finalization | Checksum: 21ad3abca

Time (s): cpu = 00:00:00.02 ; elapsed = 00:00:00.02 . Memory (MB): peak = 2530.828 ; gain = 32.016 ; free physical = 551 ; free virtual = 9763
Opt_design Change Summary
=========================


-------------------------------------------------------------------------------------------------------------------------
|  Phase                        |  #Cells created  |  #Cells Removed  |  #Constrained objects preventing optimizations  |
-------------------------------------------------------------------------------------------------------------------------
|  Retarget                     |               0  |               0  |                                              0  |
|  Constant propagation         |               0  |               0  |                                              0  |
|  Sweep                        |               0  |               0  |                                              0  |
|  BUFG optimization            |               0  |               0  |                                              0  |
|  Shift Register Optimization  |               0  |               0  |                                              0  |
|  Post Processing Netlist      |               0  |               0  |                                              0  |
-------------------------------------------------------------------------------------------------------------------------


Ending Logic Optimization Task | Checksum: 21ad3abca

Time (s): cpu = 00:00:00.02 ; elapsed = 00:00:00.02 . Memory (MB): peak = 2530.828 ; gain = 32.016 ; free physical = 551 ; free virtual = 9763

Starting Power Optimization Task
INFO: [Pwropt 34-132] Skipping clock gating for clocks with a period < 2.00 ns.
Ending Power Optimization Task | Checksum: 21ad3abca

Time (s): cpu = 00:00:00 ; elapsed = 00:00:00 . Memory (MB): peak = 2530.828 ; gain = 0.000 ; free physical = 551 ; free virtual = 9763

Starting Final Cleanup Task
Ending Final Cleanup Task | Checksum: 21ad3abca

Time (s): cpu = 00:00:00 ; elapsed = 00:00:00 . Memory (MB): peak = 2530.828 ; gain = 0.000 ; free physical = 551 ; free virtual = 9763

Starting Netlist Obfuscation Task
Netlist sorting complete. Time (s): cpu = 00:00:00 ; elapsed = 00:00:00 . Memory (MB): peak = 2530.828 ; gain = 0.000 ; free physical = 551 ; free virtual = 9763
Ending Netlist Obfuscation Task | Checksum: 21ad3abca

Time (s): cpu = 00:00:00 ; elapsed = 00:00:00 . Memory (MB): peak = 2530.828 ; gain = 0.000 ; free physical = 551 ; free virtual = 9763
INFO: [Common 17-83] Releasing license: Implementation
25 Infos, 16 Warnings, 16 Critical Warnings and 0 Errors encountered.
opt_design completed successfully
opt_design: Time (s): cpu = 00:00:09 ; elapsed = 00:00:08 . Memory (MB): peak = 2530.828 ; gain = 886.922 ; free physical = 551 ; free virtual = 9763
INFO: [Vivado 12-24828] Executing command : report_drc -file die_drc_opted.rpt -pb die_drc_opted.pb -rpx die_drc_opted.rpx
Command: report_drc -file die_drc_opted.rpt -pb die_drc_opted.pb -rpx die_drc_opted.rpx
INFO: [IP_Flow 19-234] Refreshing IP repositories
INFO: [IP_Flow 19-1704] No user IP repositories specified
INFO: [IP_Flow 19-2313] Loaded Vivado IP repository '/opt/Xilinx/Vivado/2024.2/data/ip'.
INFO: [DRC 23-27] Running DRC with 8 threads
INFO: [Vivado_Tcl 2-168] The results of DRC are in file /home/hg234/2025/COMPX230/Labs/Lab1/Lab1.runs/impl_1/die_drc_opted.rpt.
report_drc completed successfully
INFO: [Timing 38-480] Writing timing data to binary archive.
Write ShapeDB Complete: Time (s): cpu = 00:00:00 ; elapsed = 00:00:00 . Memory (MB): peak = 2580.359 ; gain = 0.000 ; free physical = 503 ; free virtual = 9715
Wrote PlaceDB: Time (s): cpu = 00:00:00 ; elapsed = 00:00:00 . Memory (MB): peak = 2580.359 ; gain = 0.000 ; free physical = 503 ; free virtual = 9715
Wrote PulsedLatchDB: Time (s): cpu = 00:00:00 ; elapsed = 00:00:00 . Memory (MB): peak = 2580.359 ; gain = 0.000 ; free physical = 502 ; free virtual = 9714
Writing XDEF routing.
Writing XDEF routing logical nets.
Writing XDEF routing special nets.
Wrote RouteStorage: Time (s): cpu = 00:00:00.02 ; elapsed = 00:00:00.01 . Memory (MB): peak = 2580.359 ; gain = 0.000 ; free physical = 502 ; free virtual = 9714
Wrote Netlist Cache: Time (s): cpu = 00:00:00 ; elapsed = 00:00:00 . Memory (MB): peak = 2580.359 ; gain = 0.000 ; free physical = 502 ; free virtual = 9714
Wrote Device Cache: Time (s): cpu = 00:00:00.01 ; elapsed = 00:00:00 . Memory (MB): peak = 2580.359 ; gain = 0.000 ; free physical = 501 ; free virtual = 9714
Write Physdb Complete: Time (s): cpu = 00:00:00.04 ; elapsed = 00:00:00.04 . Memory (MB): peak = 2580.359 ; gain = 0.000 ; free physical = 504 ; free virtual = 9717
INFO: [Common 17-1381] The checkpoint '/home/hg234/2025/COMPX230/Labs/Lab1/Lab1.runs/impl_1/die_opt.dcp' has been generated.
Command: place_design
Attempting to get a license for feature 'Implementation' and/or device 'xc7a35t'
INFO: [Common 17-349] Got license for feature 'Implementation' and/or device 'xc7a35t'
INFO: [Common 17-83] Releasing license: Implementation
INFO: [DRC 23-27] Running DRC with 8 threads
INFO: [Vivado_Tcl 4-198] DRC finished with 0 Errors
INFO: [Vivado_Tcl 4-199] Please refer to the DRC report (report_drc) for more information.
Running DRC as a precondition to command place_design
INFO: [DRC 23-27] Running DRC with 8 threads
INFO: [Vivado_Tcl 4-198] DRC finished with 0 Errors
INFO: [Vivado_Tcl 4-199] Please refer to the DRC report (report_drc) for more information.
INFO: [Place 30-611] Multithreading enabled for place_design using a maximum of 8 CPUs

Starting Placer Task

Phase 1 Placer Initialization

Phase 1.1 Placer Initialization Netlist Sorting
Netlist sorting complete. Time (s): cpu = 00:00:00 ; elapsed = 00:00:00 . Memory (MB): peak = 2614.672 ; gain = 0.000 ; free physical = 465 ; free virtual = 9677
Phase 1.1 Placer Initialization Netlist Sorting | Checksum: 19ca70e3f

Time (s): cpu = 00:00:00 ; elapsed = 00:00:00 . Memory (MB): peak = 2614.672 ; gain = 0.000 ; free physical = 465 ; free virtual = 9677
Netlist sorting complete. Time (s): cpu = 00:00:00 ; elapsed = 00:00:00 . Memory (MB): peak = 2614.672 ; gain = 0.000 ; free physical = 465 ; free virtual = 9677

Phase 1.2 IO Placement/ Clock Placement/ Build Placer Device
INFO: [Timing 38-35] Done setting XDC timing constraints.
Phase 1.2 IO Placement/ Clock Placement/ Build Placer Device | Checksum: 1f892689c

Time (s): cpu = 00:00:00.35 ; elapsed = 00:00:00.11 . Memory (MB): peak = 2614.672 ; gain = 0.000 ; free physical = 443 ; free virtual = 9655

Phase 1.3 Build Placer Netlist Model
Phase 1.3 Build Placer Netlist Model | Checksum: 2f17c27b4

Time (s): cpu = 00:00:00.58 ; elapsed = 00:00:00.16 . Memory (MB): peak = 2646.688 ; gain = 32.016 ; free physical = 443 ; free virtual = 9655

Phase 1.4 Constrain Clocks/Macros
Phase 1.4 Constrain Clocks/Macros | Checksum: 2f17c27b4

Time (s): cpu = 00:00:00.58 ; elapsed = 00:00:00.16 . Memory (MB): peak = 2646.688 ; gain = 32.016 ; free physical = 443 ; free virtual = 9655
Phase 1 Placer Initialization | Checksum: 2f17c27b4

Time (s): cpu = 00:00:00.59 ; elapsed = 00:00:00.16 . Memory (MB): peak = 2646.688 ; gain = 32.016 ; free physical = 443 ; free virtual = 9655

Phase 2 Global Placement

Phase 2.1 Floorplanning
Phase 2.1 Floorplanning | Checksum: 26bdf48fe

Time (s): cpu = 00:00:00.65 ; elapsed = 00:00:00.18 . Memory (MB): peak = 2646.688 ; gain = 32.016 ; free physical = 444 ; free virtual = 9656

Phase 2.2 Update Timing before SLR Path Opt
Phase 2.2 Update Timing before SLR Path Opt | Checksum: 29d587e29

Time (s): cpu = 00:00:00.69 ; elapsed = 00:00:00.18 . Memory (MB): peak = 2646.688 ; gain = 32.016 ; free physical = 446 ; free virtual = 9658

Phase 2.3 Post-Processing in Floorplanning
Phase 2.3 Post-Processing in Floorplanning | Checksum: 29d587e29

Time (s): cpu = 00:00:00.7 ; elapsed = 00:00:00.18 . Memory (MB): peak = 2646.688 ; gain = 32.016 ; free physical = 446 ; free virtual = 9658

Phase 2.4 Global Place Phase1
Phase 2.4 Global Place Phase1 | Checksum: 2cf9145fa

Time (s): cpu = 00:00:01 ; elapsed = 00:00:00.28 . Memory (MB): peak = 2646.688 ; gain = 32.016 ; free physical = 465 ; free virtual = 9678

Phase 2.5 Global Place Phase2

Phase 2.5.1 UpdateTiming Before Physical Synthesis
Phase 2.5.1 UpdateTiming Before Physical Synthesis | Checksum: 2cf9145fa

Time (s): cpu = 00:00:01 ; elapsed = 00:00:00.28 . Memory (MB): peak = 2646.688 ; gain = 32.016 ; free physical = 473 ; free virtual = 9686

Phase 2.5.2 Physical Synthesis In Placer
INFO: [Physopt 32-1044] Break lutnm for timing: one critical 0, two critical 0, total 0, new lutff created 0
INFO: [Physopt 32-1138] End 1 Pass. Optimized 0 net or LUT. Breaked 0 LUT, combined 0 existing LUT and moved 0 existing LUT
INFO: [Physopt 32-65] No nets found for high-fanout optimization.
INFO: [Physopt 32-232] Optimized 0 net. Created 0 new instance.
INFO: [Physopt 32-775] End 1 Pass. Optimized 0 net or cell. Created 0 new cell, deleted 0 existing cell and moved 0 existing cell
INFO: [Physopt 32-670] No setup violation found.  DSP Register Optimization was not performed.
INFO: [Physopt 32-670] No setup violation found.  Shift Register to Pipeline Optimization was not performed.
INFO: [Physopt 32-670] No setup violation found.  Shift Register Optimization was not performed.
INFO: [Physopt 32-670] No setup violation found.  BRAM Register Optimization was not performed.
INFO: [Physopt 32-670] No setup violation found.  URAM Register Optimization was not performed.
INFO: [Physopt 32-949] No candidate nets found for dynamic/static region interface net replication
INFO: [Physopt 32-775] End 1 Pass. Optimized 0 net or cell. Created 0 new cell, deleted 0 existing cell and moved 0 existing cell
Netlist sorting complete. Time (s): cpu = 00:00:00 ; elapsed = 00:00:00 . Memory (MB): peak = 2646.688 ; gain = 0.000 ; free physical = 477 ; free virtual = 9689

Summary of Physical Synthesis Optimizations
============================================


-----------------------------------------------------------------------------------------------------------------------------------------------------------
|  Optimization                                     |  Added Cells  |  Removed Cells  |  Optimized Cells/Nets  |  Dont Touch  |  Iterations  |  Elapsed   |
-----------------------------------------------------------------------------------------------------------------------------------------------------------
|  LUT Combining                                    |            0  |              0  |                     0  |           0  |           1  |  00:00:00  |
|  Retime                                           |            0  |              0  |                     0  |           0  |           1  |  00:00:00  |
|  Very High Fanout                                 |            0  |              0  |                     0  |           0  |           1  |  00:00:00  |
|  DSP Register                                     |            0  |              0  |                     0  |           0  |           0  |  00:00:00  |
|  Shift Register to Pipeline                       |            0  |              0  |                     0  |           0  |           0  |  00:00:00  |
|  Shift Register                                   |            0  |              0  |                     0  |           0  |           0  |  00:00:00  |
|  BRAM Register                                    |            0  |              0  |                     0  |           0  |           0  |  00:00:00  |
|  URAM Register                                    |            0  |              0  |                     0  |           0  |           0  |  00:00:00  |
|  Dynamic/Static Region Interface Net Replication  |            0  |              0  |                     0  |           0  |           1  |  00:00:00  |
|  Total                                            |            0  |              0  |                     0  |           0  |           4  |  00:00:00  |
-----------------------------------------------------------------------------------------------------------------------------------------------------------


Phase 2.5.2 Physical Synthesis In Placer | Checksum: 2cf9145fa

Time (s): cpu = 00:00:01 ; elapsed = 00:00:00.47 . Memory (MB): peak = 2646.688 ; gain = 32.016 ; free physical = 477 ; free virtual = 9689
Phase 2.5 Global Place Phase2 | Checksum: 24cec5233

Time (s): cpu = 00:00:02 ; elapsed = 00:00:00.51 . Memory (MB): peak = 2646.688 ; gain = 32.016 ; free physical = 477 ; free virtual = 9689
Phase 2 Global Placement | Checksum: 24cec5233

Time (s): cpu = 00:00:02 ; elapsed = 00:00:00.51 . Memory (MB): peak = 2646.688 ; gain = 32.016 ; free physical = 477 ; free virtual = 9689

Phase 3 Detail Placement

Phase 3.1 Commit Multi Column Macros
Phase 3.1 Commit Multi Column Macros | Checksum: 2c9b81004

Time (s): cpu = 00:00:02 ; elapsed = 00:00:00.52 . Memory (MB): peak = 2646.688 ; gain = 32.016 ; free physical = 477 ; free virtual = 9689

Phase 3.2 Commit Most Macros & LUTRAMs
Phase 3.2 Commit Most Macros & LUTRAMs | Checksum: 2dd86e4e6

Time (s): cpu = 00:00:02 ; elapsed = 00:00:00.53 . Memory (MB): peak = 2646.688 ; gain = 32.016 ; free physical = 469 ; free virtual = 9681

Phase 3.3 Area Swap Optimization
Phase 3.3 Area Swap Optimization | Checksum: 259c7dd45

Time (s): cpu = 00:00:02 ; elapsed = 00:00:00.54 . Memory (MB): peak = 2646.688 ; gain = 32.016 ; free physical = 469 ; free virtual = 9681

Phase 3.4 Pipeline Register Optimization
Phase 3.4 Pipeline Register Optimization | Checksum: 259c7dd45

Time (s): cpu = 00:00:02 ; elapsed = 00:00:00.54 . Memory (MB): peak = 2646.688 ; gain = 32.016 ; free physical = 469 ; free virtual = 9681

Phase 3.5 Small Shape Detail Placement
Phase 3.5 Small Shape Detail Placement | Checksum: 1988701b3

Time (s): cpu = 00:00:02 ; elapsed = 00:00:00.6 . Memory (MB): peak = 2646.688 ; gain = 32.016 ; free physical = 459 ; free virtual = 9671

Phase 3.6 Re-assign LUT pins
Phase 3.6 Re-assign LUT pins | Checksum: 1988701b3

Time (s): cpu = 00:00:02 ; elapsed = 00:00:00.6 . Memory (MB): peak = 2646.688 ; gain = 32.016 ; free physical = 459 ; free virtual = 9671

Phase 3.7 Pipeline Register Optimization
Phase 3.7 Pipeline Register Optimization | Checksum: 1988701b3

Time (s): cpu = 00:00:02 ; elapsed = 00:00:00.6 . Memory (MB): peak = 2646.688 ; gain = 32.016 ; free physical = 459 ; free virtual = 9671
Phase 3 Detail Placement | Checksum: 1988701b3

Time (s): cpu = 00:00:02 ; elapsed = 00:00:00.6 . Memory (MB): peak = 2646.688 ; gain = 32.016 ; free physical = 459 ; free virtual = 9671

Phase 4 Post Placement Optimization and Clean-Up

Phase 4.1 Post Commit Optimization
INFO: [Timing 38-35] Done setting XDC timing constraints.

Phase 4.1.1 Post Placement Optimization
Post Placement Optimization Initialization | Checksum: 1eeded55d

Phase 4.1.1.1 BUFG Insertion

Starting Physical Synthesis Task

Phase 1 Physical Synthesis Initialization
INFO: [Physopt 32-721] Multithreading enabled for phys_opt_design using a maximum of 8 CPUs
INFO: [Physopt 32-619] Estimated Timing Summary | WNS=8.551 | TNS=0.000 |
Phase 1 Physical Synthesis Initialization | Checksum: 1acd84206

Time (s): cpu = 00:00:00.04 ; elapsed = 00:00:00 . Memory (MB): peak = 2646.688 ; gain = 0.000 ; free physical = 459 ; free virtual = 9671
INFO: [Place 46-56] BUFG insertion identified 0 candidate nets. Inserted BUFG: 0, Replicated BUFG Driver: 0, Skipped due to Placement/Routing Conflicts: 0, Skipped due to Timing Degradation: 0, Skipped due to netlist editing failed: 0.
Ending Physical Synthesis Task | Checksum: 1a8f5a947

Time (s): cpu = 00:00:00.05 ; elapsed = 00:00:00 . Memory (MB): peak = 2646.688 ; gain = 0.000 ; free physical = 459 ; free virtual = 9671
Phase 4.1.1.1 BUFG Insertion | Checksum: 1eeded55d

Time (s): cpu = 00:00:02 ; elapsed = 00:00:00.64 . Memory (MB): peak = 2646.688 ; gain = 32.016 ; free physical = 459 ; free virtual = 9671

Phase 4.1.1.2 Post Placement Timing Optimization
INFO: [Place 30-746] Post Placement Timing Summary WNS=8.551. For the most accurate timing information please run report_timing.
Phase 4.1.1.2 Post Placement Timing Optimization | Checksum: 224ff59a1

Time (s): cpu = 00:00:02 ; elapsed = 00:00:00.64 . Memory (MB): peak = 2646.688 ; gain = 32.016 ; free physical = 459 ; free virtual = 9671

Time (s): cpu = 00:00:02 ; elapsed = 00:00:00.64 . Memory (MB): peak = 2646.688 ; gain = 32.016 ; free physical = 459 ; free virtual = 9671
Phase 4.1 Post Commit Optimization | Checksum: 224ff59a1

Time (s): cpu = 00:00:02 ; elapsed = 00:00:00.64 . Memory (MB): peak = 2646.688 ; gain = 32.016 ; free physical = 459 ; free virtual = 9671

Phase 4.2 Post Placement Cleanup
Phase 4.2 Post Placement Cleanup | Checksum: 224ff59a1

Time (s): cpu = 00:00:02 ; elapsed = 00:00:00.65 . Memory (MB): peak = 2646.688 ; gain = 32.016 ; free physical = 459 ; free virtual = 9671

Phase 4.3 Placer Reporting

Phase 4.3.1 Print Estimated Congestion
INFO: [Place 30-612] Post-Placement Estimated Congestion 
 ____________________________________________________
|           | Global Congestion | Short Congestion  |
| Direction | Region Size       | Region Size       |
|___________|___________________|___________________|
|      North|                1x1|                1x1|
|___________|___________________|___________________|
|      South|                1x1|                1x1|
|___________|___________________|___________________|
|       East|                1x1|                1x1|
|___________|___________________|___________________|
|       West|                1x1|                1x1|
|___________|___________________|___________________|

Phase 4.3.1 Print Estimated Congestion | Checksum: 224ff59a1

Time (s): cpu = 00:00:02 ; elapsed = 00:00:00.65 . Memory (MB): peak = 2646.688 ; gain = 32.016 ; free physical = 459 ; free virtual = 9671
Phase 4.3 Placer Reporting | Checksum: 224ff59a1

Time (s): cpu = 00:00:02 ; elapsed = 00:00:00.65 . Memory (MB): peak = 2646.688 ; gain = 32.016 ; free physical = 459 ; free virtual = 9671

Phase 4.4 Final Placement Cleanup
Netlist sorting complete. Time (s): cpu = 00:00:00.01 ; elapsed = 00:00:00 . Memory (MB): peak = 2646.688 ; gain = 0.000 ; free physical = 459 ; free virtual = 9671

Time (s): cpu = 00:00:02 ; elapsed = 00:00:00.65 . Memory (MB): peak = 2646.688 ; gain = 32.016 ; free physical = 459 ; free virtual = 9671
Phase 4 Post Placement Optimization and Clean-Up | Checksum: 29e5e49e7

Time (s): cpu = 00:00:02 ; elapsed = 00:00:00.65 . Memory (MB): peak = 2646.688 ; gain = 32.016 ; free physical = 459 ; free virtual = 9671
Ending Placer Task | Checksum: 1a427fc02

Time (s): cpu = 00:00:02 ; elapsed = 00:00:00.66 . Memory (MB): peak = 2646.688 ; gain = 32.016 ; free physical = 459 ; free virtual = 9671
61 Infos, 16 Warnings, 16 Critical Warnings and 0 Errors encountered.
place_design completed successfully
INFO: [Vivado 12-24838] Running report commands "report_control_sets, report_io, report_utilization" in parallel.
Running report generation with 3 threads.
INFO: [Vivado 12-24828] Executing command : report_control_sets -verbose -file die_control_sets_placed.rpt
report_control_sets: Time (s): cpu = 00:00:00.07 ; elapsed = 00:00:00.1 . Memory (MB): peak = 2646.688 ; gain = 0.000 ; free physical = 410 ; free virtual = 9622
INFO: [Vivado 12-24828] Executing command : report_utilization -file die_utilization_placed.rpt -pb die_utilization_placed.pb
INFO: [Vivado 12-24828] Executing command : report_io -file die_io_placed.rpt
report_io: Time (s): cpu = 00:00:00.21 ; elapsed = 00:00:00.17 . Memory (MB): peak = 2646.688 ; gain = 0.000 ; free physical = 410 ; free virtual = 9622
INFO: [Timing 38-480] Writing timing data to binary archive.
Write ShapeDB Complete: Time (s): cpu = 00:00:00 ; elapsed = 00:00:00 . Memory (MB): peak = 2646.688 ; gain = 0.000 ; free physical = 402 ; free virtual = 9614
Wrote PlaceDB: Time (s): cpu = 00:00:00 ; elapsed = 00:00:00 . Memory (MB): peak = 2646.688 ; gain = 0.000 ; free physical = 402 ; free virtual = 9614
Wrote PulsedLatchDB: Time (s): cpu = 00:00:00 ; elapsed = 00:00:00 . Memory (MB): peak = 2646.688 ; gain = 0.000 ; free physical = 402 ; free virtual = 9614
Writing XDEF routing.
Writing XDEF routing logical nets.
Writing XDEF routing special nets.
Wrote RouteStorage: Time (s): cpu = 00:00:00.02 ; elapsed = 00:00:00.01 . Memory (MB): peak = 2646.688 ; gain = 0.000 ; free physical = 402 ; free virtual = 9614
Wrote Netlist Cache: Time (s): cpu = 00:00:00 ; elapsed = 00:00:00 . Memory (MB): peak = 2646.688 ; gain = 0.000 ; free physical = 402 ; free virtual = 9614
Wrote Device Cache: Time (s): cpu = 00:00:00 ; elapsed = 00:00:00 . Memory (MB): peak = 2646.688 ; gain = 0.000 ; free physical = 401 ; free virtual = 9614
Write Physdb Complete: Time (s): cpu = 00:00:00.04 ; elapsed = 00:00:00.04 . Memory (MB): peak = 2646.688 ; gain = 0.000 ; free physical = 401 ; free virtual = 9614
INFO: [Common 17-1381] The checkpoint '/home/hg234/2025/COMPX230/Labs/Lab1/Lab1.runs/impl_1/die_placed.dcp' has been generated.
Command: phys_opt_design
Attempting to get a license for feature 'Implementation' and/or device 'xc7a35t'
INFO: [Common 17-349] Got license for feature 'Implementation' and/or device 'xc7a35t'

Starting Initial Update Timing Task

Time (s): cpu = 00:00:00.01 ; elapsed = 00:00:00.01 . Memory (MB): peak = 2646.688 ; gain = 0.000 ; free physical = 379 ; free virtual = 9592
INFO: [Vivado_Tcl 4-2279] Estimated Timing Summary | WNS= 8.551 | TNS= 0.000 | 
INFO: [Vivado_Tcl 4-383] Design worst setup slack (WNS) is greater than or equal to 0.000 ns. All physical synthesis setup optimizations will be skipped.
INFO: [Vivado_Tcl 4-232] No setup violation found. The netlist was not modified.
INFO: [Common 17-83] Releasing license: Implementation
72 Infos, 16 Warnings, 16 Critical Warnings and 0 Errors encountered.
phys_opt_design completed successfully
INFO: [Timing 38-480] Writing timing data to binary archive.
Write ShapeDB Complete: Time (s): cpu = 00:00:00.01 ; elapsed = 00:00:00 . Memory (MB): peak = 2646.688 ; gain = 0.000 ; free physical = 380 ; free virtual = 9592
Wrote PlaceDB: Time (s): cpu = 00:00:00 ; elapsed = 00:00:00 . Memory (MB): peak = 2646.688 ; gain = 0.000 ; free physical = 380 ; free virtual = 9592
Wrote PulsedLatchDB: Time (s): cpu = 00:00:00 ; elapsed = 00:00:00 . Memory (MB): peak = 2646.688 ; gain = 0.000 ; free physical = 380 ; free virtual = 9592
Writing XDEF routing.
Writing XDEF routing logical nets.
Writing XDEF routing special nets.
Wrote RouteStorage: Time (s): cpu = 00:00:00.02 ; elapsed = 00:00:00.01 . Memory (MB): peak = 2646.688 ; gain = 0.000 ; free physical = 380 ; free virtual = 9592
Wrote Netlist Cache: Time (s): cpu = 00:00:00 ; elapsed = 00:00:00 . Memory (MB): peak = 2646.688 ; gain = 0.000 ; free physical = 380 ; free virtual = 9592
Wrote Device Cache: Time (s): cpu = 00:00:00.01 ; elapsed = 00:00:00 . Memory (MB): peak = 2646.688 ; gain = 0.000 ; free physical = 380 ; free virtual = 9593
Write Physdb Complete: Time (s): cpu = 00:00:00.06 ; elapsed = 00:00:00.04 . Memory (MB): peak = 2646.688 ; gain = 0.000 ; free physical = 380 ; free virtual = 9593
INFO: [Common 17-1381] The checkpoint '/home/hg234/2025/COMPX230/Labs/Lab1/Lab1.runs/impl_1/die_physopt.dcp' has been generated.
Command: route_design
Attempting to get a license for feature 'Implementation' and/or device 'xc7a35t'
INFO: [Common 17-349] Got license for feature 'Implementation' and/or device 'xc7a35t'


Starting Routing Task
INFO: [Route 35-254] Multithreading enabled for route_design using a maximum of 8 CPUs

Phase 1 Build RT Design
Checksum: PlaceDB: 1fb1d48b ConstDB: 0 ShapeSum: e3f4cb20 RouteDB: a0815c57
Post Restoration Checksum: NetGraph: 8d9b8638 | NumContArr: ab5690fd | Constraints: c2a8fa9d | Timing: c2a8fa9d
Phase 1 Build RT Design | Checksum: 2be440c6f

Time (s): cpu = 00:00:13 ; elapsed = 00:00:12 . Memory (MB): peak = 2699.348 ; gain = 52.660 ; free physical = 326 ; free virtual = 9539

Phase 2 Router Initialization

Phase 2.1 Fix Topology Constraints
Phase 2.1 Fix Topology Constraints | Checksum: 2be440c6f

Time (s): cpu = 00:00:13 ; elapsed = 00:00:12 . Memory (MB): peak = 2699.348 ; gain = 52.660 ; free physical = 326 ; free virtual = 9539

Phase 2.2 Pre Route Cleanup
Phase 2.2 Pre Route Cleanup | Checksum: 2be440c6f

Time (s): cpu = 00:00:13 ; elapsed = 00:00:12 . Memory (MB): peak = 2699.348 ; gain = 52.660 ; free physical = 326 ; free virtual = 9539
 Number of Nodes with overlaps = 0

Phase 2.3 Update Timing
Phase 2.3 Update Timing | Checksum: 14623a4e2

Time (s): cpu = 00:00:13 ; elapsed = 00:00:12 . Memory (MB): peak = 2724.348 ; gain = 77.660 ; free physical = 315 ; free virtual = 9528
INFO: [Route 35-416] Intermediate Timing Summary | WNS=8.503  | TNS=0.000  | WHS=-0.011 | THS=-0.012 |


Router Utilization Summary
  Global Vertical Routing Utilization    = 0 %
  Global Horizontal Routing Utilization  = 0 %
  Routable Net Status*
  *Does not include unroutable nets such as driverless and loadless.
  Run report_route_status for detailed report.
  Number of Failed Nets               = 12
    (Failed Nets is the sum of unrouted and partially routed nets)
  Number of Unrouted Nets             = 12
  Number of Partially Routed Nets     = 0
  Number of Node Overlaps             = 0

Phase 2 Router Initialization | Checksum: 173d3b594

Time (s): cpu = 00:00:14 ; elapsed = 00:00:12 . Memory (MB): peak = 2724.348 ; gain = 77.660 ; free physical = 311 ; free virtual = 9524

Phase 3 Global Routing
Phase 3 Global Routing | Checksum: 173d3b594

Time (s): cpu = 00:00:14 ; elapsed = 00:00:12 . Memory (MB): peak = 2724.348 ; gain = 77.660 ; free physical = 311 ; free virtual = 9524

Phase 4 Initial Routing

Phase 4.1 Initial Net Routing Pass
Phase 4.1 Initial Net Routing Pass | Checksum: 24b33ec2e

Time (s): cpu = 00:00:14 ; elapsed = 00:00:12 . Memory (MB): peak = 2724.348 ; gain = 77.660 ; free physical = 311 ; free virtual = 9524
Phase 4 Initial Routing | Checksum: 24b33ec2e

Time (s): cpu = 00:00:14 ; elapsed = 00:00:12 . Memory (MB): peak = 2724.348 ; gain = 77.660 ; free physical = 311 ; free virtual = 9524

Phase 5 Rip-up And Reroute

Phase 5.1 Global Iteration 0
 Number of Nodes with overlaps = 0
INFO: [Route 35-416] Intermediate Timing Summary | WNS=8.410  | TNS=0.000  | WHS=N/A    | THS=N/A    |

Phase 5.1 Global Iteration 0 | Checksum: 2e09ab061

Time (s): cpu = 00:00:14 ; elapsed = 00:00:12 . Memory (MB): peak = 2724.348 ; gain = 77.660 ; free physical = 311 ; free virtual = 9524
Phase 5 Rip-up And Reroute | Checksum: 2e09ab061

Time (s): cpu = 00:00:14 ; elapsed = 00:00:12 . Memory (MB): peak = 2724.348 ; gain = 77.660 ; free physical = 311 ; free virtual = 9524

Phase 6 Delay and Skew Optimization

Phase 6.1 Delay CleanUp
Phase 6.1 Delay CleanUp | Checksum: 2e09ab061

Time (s): cpu = 00:00:14 ; elapsed = 00:00:12 . Memory (MB): peak = 2724.348 ; gain = 77.660 ; free physical = 311 ; free virtual = 9524

Phase 6.2 Clock Skew Optimization
Phase 6.2 Clock Skew Optimization | Checksum: 2e09ab061

Time (s): cpu = 00:00:14 ; elapsed = 00:00:12 . Memory (MB): peak = 2724.348 ; gain = 77.660 ; free physical = 311 ; free virtual = 9524
Phase 6 Delay and Skew Optimization | Checksum: 2e09ab061

Time (s): cpu = 00:00:14 ; elapsed = 00:00:12 . Memory (MB): peak = 2724.348 ; gain = 77.660 ; free physical = 311 ; free virtual = 9524

Phase 7 Post Hold Fix

Phase 7.1 Hold Fix Iter
INFO: [Route 35-416] Intermediate Timing Summary | WNS=8.503  | TNS=0.000  | WHS=0.262  | THS=0.000  |

Phase 7.1 Hold Fix Iter | Checksum: 2e3fb7963

Time (s): cpu = 00:00:14 ; elapsed = 00:00:12 . Memory (MB): peak = 2724.348 ; gain = 77.660 ; free physical = 311 ; free virtual = 9524
Phase 7 Post Hold Fix | Checksum: 2e3fb7963

Time (s): cpu = 00:00:14 ; elapsed = 00:00:12 . Memory (MB): peak = 2724.348 ; gain = 77.660 ; free physical = 311 ; free virtual = 9524

Phase 8 Route finalize

Router Utilization Summary
  Global Vertical Routing Utilization    = 0.00597943 %
  Global Horizontal Routing Utilization  = 0.0372202 %
  Routable Net Status*
  *Does not include unroutable nets such as driverless and loadless.
  Run report_route_status for detailed report.
  Number of Failed Nets               = 0
    (Failed Nets is the sum of unrouted and partially routed nets)
  Number of Unrouted Nets             = 0
  Number of Partially Routed Nets     = 0
  Number of Node Overlaps             = 0

Phase 8 Route finalize | Checksum: 2e3fb7963

Time (s): cpu = 00:00:14 ; elapsed = 00:00:12 . Memory (MB): peak = 2724.348 ; gain = 77.660 ; free physical = 311 ; free virtual = 9524

Phase 9 Verifying routed nets

 Verification completed successfully
Phase 9 Verifying routed nets | Checksum: 2e3fb7963

Time (s): cpu = 00:00:14 ; elapsed = 00:00:12 . Memory (MB): peak = 2724.348 ; gain = 77.660 ; free physical = 311 ; free virtual = 9524

Phase 10 Depositing Routes
Phase 10 Depositing Routes | Checksum: 28d308596

Time (s): cpu = 00:00:14 ; elapsed = 00:00:12 . Memory (MB): peak = 2724.348 ; gain = 77.660 ; free physical = 311 ; free virtual = 9524

Phase 11 Post Process Routing
Phase 11 Post Process Routing | Checksum: 28d308596

Time (s): cpu = 00:00:14 ; elapsed = 00:00:12 . Memory (MB): peak = 2724.348 ; gain = 77.660 ; free physical = 311 ; free virtual = 9524

Phase 12 Post Router Timing
INFO: [Route 35-57] Estimated Timing Summary | WNS=8.503  | TNS=0.000  | WHS=0.262  | THS=0.000  |

INFO: [Route 35-327] The final timing numbers are based on the router estimated timing analysis. For a complete and accurate timing signoff, please run report_timing_summary.
Phase 12 Post Router Timing | Checksum: 28d308596

Time (s): cpu = 00:00:14 ; elapsed = 00:00:12 . Memory (MB): peak = 2724.348 ; gain = 77.660 ; free physical = 311 ; free virtual = 9524
Total Elapsed time in route_design: 11.79 secs

Phase 13 Post-Route Event Processing
Phase 13 Post-Route Event Processing | Checksum: 109dde8de

Time (s): cpu = 00:00:14 ; elapsed = 00:00:12 . Memory (MB): peak = 2724.348 ; gain = 77.660 ; free physical = 311 ; free virtual = 9524
INFO: [Route 35-16] Router Completed Successfully
Ending Routing Task | Checksum: 109dde8de

Time (s): cpu = 00:00:14 ; elapsed = 00:00:12 . Memory (MB): peak = 2724.348 ; gain = 77.660 ; free physical = 311 ; free virtual = 9524

Routing Is Done.
INFO: [Common 17-83] Releasing license: Implementation
83 Infos, 16 Warnings, 16 Critical Warnings and 0 Errors encountered.
route_design completed successfully
route_design: Time (s): cpu = 00:00:14 ; elapsed = 00:00:12 . Memory (MB): peak = 2724.348 ; gain = 77.660 ; free physical = 311 ; free virtual = 9524
INFO: [Vivado 12-24828] Executing command : report_drc -file die_drc_routed.rpt -pb die_drc_routed.pb -rpx die_drc_routed.rpx
Command: report_drc -file die_drc_routed.rpt -pb die_drc_routed.pb -rpx die_drc_routed.rpx
INFO: [IP_Flow 19-1839] IP Catalog is up to date.
INFO: [DRC 23-27] Running DRC with 8 threads
INFO: [Vivado_Tcl 2-168] The results of DRC are in file /home/hg234/2025/COMPX230/Labs/Lab1/Lab1.runs/impl_1/die_drc_routed.rpt.
report_drc completed successfully
INFO: [Vivado 12-24828] Executing command : report_methodology -file die_methodology_drc_routed.rpt -pb die_methodology_drc_routed.pb -rpx die_methodology_drc_routed.rpx
Command: report_methodology -file die_methodology_drc_routed.rpt -pb die_methodology_drc_routed.pb -rpx die_methodology_drc_routed.rpx
INFO: [Timing 38-35] Done setting XDC timing constraints.
INFO: [DRC 23-133] Running Methodology with 8 threads
INFO: [Vivado_Tcl 2-1520] The results of Report Methodology are in file /home/hg234/2025/COMPX230/Labs/Lab1/Lab1.runs/impl_1/die_methodology_drc_routed.rpt.
report_methodology completed successfully
INFO: [Vivado 12-24828] Executing command : report_timing_summary -max_paths 10 -report_unconstrained -file die_timing_summary_routed.rpt -pb die_timing_summary_routed.pb -rpx die_timing_summary_routed.rpx -warn_on_violation 
INFO: [Timing 38-35] Done setting XDC timing constraints.
INFO: [Timing 38-91] UpdateTimingParams: Speed grade: -1, Delay Type: min_max.
INFO: [Timing 38-191] Multithreading enabled for timing update using a maximum of 8 CPUs
INFO: [Vivado 12-24838] Running report commands "report_bus_skew, report_incremental_reuse, report_route_status" in parallel.
Running report generation with 3 threads.
INFO: [Vivado 12-24828] Executing command : report_route_status -file die_route_status.rpt -pb die_route_status.pb
INFO: [Vivado 12-24828] Executing command : report_incremental_reuse -file die_incremental_reuse_routed.rpt
INFO: [Vivado_Tcl 4-1062] Incremental flow is disabled. No incremental reuse Info to report.
INFO: [Vivado 12-24828] Executing command : report_bus_skew -warn_on_violation -file die_bus_skew_routed.rpt -pb die_bus_skew_routed.pb -rpx die_bus_skew_routed.rpx
INFO: [Timing 38-91] UpdateTimingParams: Speed grade: -1, Delay Type: min_max.
INFO: [Timing 38-191] Multithreading enabled for timing update using a maximum of 8 CPUs
INFO: [Vivado 12-24828] Executing command : report_power -file die_power_routed.rpt -pb die_power_summary_routed.pb -rpx die_power_routed.rpx
Command: report_power -file die_power_routed.rpt -pb die_power_summary_routed.pb -rpx die_power_routed.rpx
Running Vector-less Activity Propagation...

Finished Running Vector-less Activity Propagation
103 Infos, 16 Warnings, 16 Critical Warnings and 0 Errors encountered.
report_power completed successfully
INFO: [Vivado 12-24828] Executing command : report_clock_utilization -file die_clock_utilization_routed.rpt
INFO: [Timing 38-480] Writing timing data to binary archive.
Write ShapeDB Complete: Time (s): cpu = 00:00:00 ; elapsed = 00:00:00 . Memory (MB): peak = 2870.676 ; gain = 0.000 ; free physical = 345 ; free virtual = 9461
Wrote PlaceDB: Time (s): cpu = 00:00:00 ; elapsed = 00:00:00 . Memory (MB): peak = 2870.676 ; gain = 0.000 ; free physical = 345 ; free virtual = 9461
Wrote PulsedLatchDB: Time (s): cpu = 00:00:00 ; elapsed = 00:00:00 . Memory (MB): peak = 2870.676 ; gain = 0.000 ; free physical = 345 ; free virtual = 9461
Writing XDEF routing.
Writing XDEF routing logical nets.
Writing XDEF routing special nets.
Wrote RouteStorage: Time (s): cpu = 00:00:00.02 ; elapsed = 00:00:00.01 . Memory (MB): peak = 2870.676 ; gain = 0.000 ; free physical = 345 ; free virtual = 9461
Wrote Netlist Cache: Time (s): cpu = 00:00:00.01 ; elapsed = 00:00:00 . Memory (MB): peak = 2870.676 ; gain = 0.000 ; free physical = 345 ; free virtual = 9461
Wrote Device Cache: Time (s): cpu = 00:00:00 ; elapsed = 00:00:00 . Memory (MB): peak = 2870.676 ; gain = 0.000 ; free physical = 345 ; free virtual = 9462
Write Physdb Complete: Time (s): cpu = 00:00:00.05 ; elapsed = 00:00:00.05 . Memory (MB): peak = 2870.676 ; gain = 0.000 ; free physical = 345 ; free virtual = 9462
INFO: [Common 17-1381] The checkpoint '/home/hg234/2025/COMPX230/Labs/Lab1/Lab1.runs/impl_1/die_routed.dcp' has been generated.
Command: write_bitstream -force die.bit
Attempting to get a license for feature 'Implementation' and/or device 'xc7a35t'
INFO: [Common 17-349] Got license for feature 'Implementation' and/or device 'xc7a35t'
Running DRC as a precondition to command write_bitstream
INFO: [IP_Flow 19-1839] IP Catalog is up to date.
INFO: [DRC 23-27] Running DRC with 8 threads
INFO: [Vivado 12-3199] DRC finished with 0 Errors
INFO: [Vivado 12-3200] Please refer to the DRC report (report_drc) for more information.
INFO: [Designutils 20-2272] Running write_bitstream with 8 threads.
Loading data files...
Loading site data...
Loading route data...
Processing options...
Creating bitmap...
Creating bitstream...
Writing bitstream ./die.bit...
INFO: [Vivado 12-1842] Bitgen Completed Successfully.
INFO: [Project 1-1876] WebTalk data collection is mandatory when using a ULT device. To see the specific WebTalk data collected for your design, open the usage_statistics_webtalk.html or usage_statistics_webtalk.xml file in the implementation directory.
INFO: [Common 17-83] Releasing license: Implementation
115 Infos, 16 Warnings, 16 Critical Warnings and 0 Errors encountered.
write_bitstream completed successfully
write_bitstream: Time (s): cpu = 00:00:10 ; elapsed = 00:00:16 . Memory (MB): peak = 3108.738 ; gain = 238.062 ; free physical = 385 ; free virtual = 9270
INFO: [Common 17-206] Exiting Vivado at Mon Jul 28 09:52:08 2025...
